{"numTotalTestSuites":31,"numPassedTestSuites":31,"numFailedTestSuites":0,"numPendingTestSuites":0,"numTotalTests":145,"numPassedTests":145,"numFailedTests":0,"numPendingTests":0,"numTodoTests":0,"snapshot":{"added":0,"failure":false,"filesAdded":0,"filesRemoved":0,"filesRemovedList":[],"filesUnmatched":0,"filesUpdated":0,"matched":0,"total":0,"unchecked":0,"uncheckedKeysByFile":[],"unmatched":0,"updated":0,"didUpdate":false},"startTime":1782042241838,"success":true,"testResults":[{"assertionResults":[{"ancestorTitles":["arena black-box identification evaluation"],"fullName":"arena black-box identification evaluation builds black-box control artifacts from identification workspace parameters","status":"passed","title":"builds black-box control artifacts from identification workspace parameters","duration":1.5795420000000036,"failureMessages":[],"meta":{},"tags":[]},{"ancestorTitles":["arena black-box identification evaluation"],"fullName":"arena black-box identification evaluation rejects malformed black-box artifacts before official evaluation","status":"passed","title":"rejects malformed black-box artifacts before official evaluation","duration":0.7507919999999899,"failureMessages":[],"meta":{},"tags":[]},{"ancestorTitles":["arena black-box identification evaluation"],"fullName":"arena black-box identification evaluation evaluates valid black-box control artifacts without exposing a transfer function","status":"passed","title":"evaluates valid black-box control artifacts without exposing a transfer function","duration":1.347750000000019,"failureMessages":[],"meta":{},"tags":[]},{"ancestorTitles":["arena black-box identification evaluation"],"fullName":"arena black-box identification evaluation does not trust client-claimed identification quality for official metrics","status":"passed","title":"does not trust client-claimed identification quality for official metrics","duration":0.5023749999999723,"failureMessages":[],"meta":{},"tags":[]},{"ancestorTitles":["arena black-box identification evaluation"],"fullName":"arena black-box identification evaluation rejects out-of-range black-box artifacts before ranking","status":"passed","title":"rejects out-of-range black-box artifacts before ranking","duration":0.25537499999995816,"failureMessages":[],"meta":{},"tags":[]},{"ancestorTitles":["arena black-box identification evaluation"],"fullName":"arena black-box identification evaluation keeps white-box and black-box protocols separate, partitioned by method family","status":"passed","title":"keeps white-box and black-box protocols separate, partitioned by method family","duration":0.32995799999997644,"failureMessages":[],"meta":{},"tags":[]},{"ancestorTitles":["arena black-box identification evaluation"],"fullName":"arena black-box identification evaluation persists black-box official evaluations with the black-box protocol version","status":"passed","title":"persists black-box official evaluations with the black-box protocol version","duration":11.167750000000012,"failureMessages":[],"meta":{},"tags":[]},{"ancestorTitles":["arena black-box identification evaluation"],"fullName":"arena black-box identification evaluation derives official black-box experiment count from persisted experiments instead of client claims","status":"passed","title":"derives official black-box experiment count from persisted experiments instead of client claims","duration":0.8514999999999873,"failureMessages":[],"meta":{},"tags":[]},{"ancestorTitles":["arena black-box identification evaluation"],"fullName":"arena black-box identification evaluation separates black-box official cache lookup from legacy blackbox-v1 evaluations","status":"passed","title":"separates black-box official cache lookup from legacy blackbox-v1 evaluations","duration":0.7441670000000045,"failureMessages":[],"meta":{},"tags":[]},{"ancestorTitles":["arena black-box identification evaluation"],"fullName":"arena black-box identification evaluation rejects forged or cross-user black-box experiment dataset references before official evaluation","status":"passed","title":"rejects forged or cross-user black-box experiment dataset references before official evaluation","duration":0.6212080000000242,"failureMessages":[],"meta":{},"tags":[]},{"ancestorTitles":["arena black-box identification evaluation"],"fullName":"arena black-box identification evaluation keeps black-box submission UI available while challenge detail stays read-only","status":"passed","title":"keeps black-box submission UI available while challenge detail stays read-only","duration":0.6716660000000161,"failureMessages":[],"meta":{},"tags":[]},{"ancestorTitles":["arena black-box identification evaluation"],"fullName":"arena black-box identification evaluation does not gate challenge detail submission surfaces by virtual-simulation adapter type","status":"passed","title":"does not gate challenge detail submission surfaces by virtual-simulation adapter type","duration":0.123958000000016,"failureMessages":[],"meta":{},"tags":[]},{"ancestorTitles":["arena black-box identification evaluation"],"fullName":"arena black-box identification evaluation lists persisted submissions through the current protocol for each task type","status":"passed","title":"lists persisted submissions through the current protocol for each task type","duration":0.08687499999996362,"failureMessages":[],"meta":{},"tags":[]}],"startTime":1782042242393,"endTime":1782042242412.124,"status":"passed","message":"","name":"/Users/YW/.codex/worktrees/e734/act.just.edu.cn/src/features/arena/__tests__/arena-blackbox-evaluation.test.ts"},{"assertionResults":[{"ancestorTitles":["arena student diagnostic feedback rules"],"fullName":"arena student diagnostic feedback rules explains a valid ranked official submission with strongest and weakest metrics","status":"passed","title":"explains a valid ranked official submission with strongest and weakest metrics","duration":2.5017919999999663,"failureMessages":[],"meta":{},"tags":[]},{"ancestorTitles":["arena student diagnostic feedback rules"],"fullName":"arena student diagnostic feedback rules explains hard-constraint failures as not ranked with Chinese repair suggestions","status":"passed","title":"explains hard-constraint failures as not ranked with Chinese repair suggestions","duration":0.3067500000000223,"failureMessages":[],"meta":{},"tags":[]},{"ancestorTitles":["arena student diagnostic feedback rules"],"fullName":"arena student diagnostic feedback rules does not mark zero-score or late submissions as ranked","status":"passed","title":"does not mark zero-score or late submissions as ranked","duration":0.34758300000004283,"failureMessages":[],"meta":{},"tags":[]},{"ancestorTitles":["arena student diagnostic feedback rules"],"fullName":"arena student diagnostic feedback rules compares the latest submission with the previous personal best","status":"passed","title":"compares the latest submission with the previous personal best","duration":0.3235000000000241,"failureMessages":[],"meta":{},"tags":[]},{"ancestorTitles":["arena student diagnostic feedback rules"],"fullName":"arena student diagnostic feedback rules ignores previous late and zero-score attempts when comparing personal best","status":"passed","title":"ignores previous late and zero-score attempts when comparing personal best","duration":0.161625000000015,"failureMessages":[],"meta":{},"tags":[]},{"ancestorTitles":["arena student diagnostic feedback rules"],"fullName":"arena student diagnostic feedback rules keeps personal-best regression metric scoped to the same student","status":"passed","title":"keeps personal-best regression metric scoped to the same student","duration":0.1657910000000129,"failureMessages":[],"meta":{},"tags":[]},{"ancestorTitles":["arena student diagnostic feedback rules"],"fullName":"arena student diagnostic feedback rules flags energy-heavy submissions without exposing hidden black-box scenario details","status":"passed","title":"flags energy-heavy submissions without exposing hidden black-box scenario details","duration":0.5504579999999919,"failureMessages":[],"meta":{},"tags":[]},{"ancestorTitles":["arena student diagnostic feedback rules"],"fullName":"arena student diagnostic feedback rules explains score composition, protocol version, and preview-official boundaries","status":"passed","title":"explains score composition, protocol version, and preview-official boundaries","duration":0.254291999999964,"failureMessages":[],"meta":{},"tags":[]},{"ancestorTitles":["arena student diagnostic feedback rules"],"fullName":"arena student diagnostic feedback rules keeps unchanged personal-best comparison and gives labeled weakest-metric guidance","status":"passed","title":"keeps unchanged personal-best comparison and gives labeled weakest-metric guidance","duration":0.15791600000000017,"failureMessages":[],"meta":{},"tags":[]},{"ancestorTitles":["arena student diagnostic feedback rules"],"fullName":"arena student diagnostic feedback rules keeps black-box official-only explanations aggregate without hidden scenario leakage","status":"passed","title":"keeps black-box official-only explanations aggregate without hidden scenario leakage","duration":0.16058299999997416,"failureMessages":[],"meta":{},"tags":[]},{"ancestorTitles":["arena student diagnostic feedback rules"],"fullName":"arena student diagnostic feedback rules states that black-box preview is not official hidden evaluation","status":"passed","title":"states that black-box preview is not official hidden evaluation","duration":0.17662500000000136,"failureMessages":[],"meta":{},"tags":[]},{"ancestorTitles":["arena personal feedback component"],"fullName":"arena personal feedback component renders shared feedback rules through a reusable student component","status":"passed","title":"renders shared feedback rules through a reusable student component","duration":0.20616699999999355,"failureMessages":[],"meta":{},"tags":[]},{"ancestorTitles":["arena personal feedback component"],"fullName":"arena personal feedback component renders a result explainer section with official protocol and boundary notes","status":"passed","title":"renders a result explainer section with official protocol and boundary notes","duration":5.123541000000046,"failureMessages":[],"meta":{},"tags":[]},{"ancestorTitles":["arena personal feedback component"],"fullName":"arena personal feedback component uses the shared feedback component in the white-box submission panel","status":"passed","title":"uses the shared feedback component in the white-box submission panel","duration":0.22579200000001265,"failureMessages":[],"meta":{},"tags":[]},{"ancestorTitles":["arena personal feedback component"],"fullName":"arena personal feedback component uses the shared feedback component in the black-box submission panel","status":"passed","title":"uses the shared feedback component in the black-box submission panel","duration":0.20041700000001583,"failureMessages":[],"meta":{},"tags":[]},{"ancestorTitles":["arena personal feedback component"],"fullName":"arena personal feedback component passes viewer identity from Arena submission entry points to personal feedback panels","status":"passed","title":"passes viewer identity from Arena submission entry points to personal feedback panels","duration":0.20633299999997234,"failureMessages":[],"meta":{},"tags":[]}],"startTime":1782042242255,"endTime":1782042242266.2258,"status":"passed","message":"","name":"/Users/YW/.codex/worktrees/e734/act.just.edu.cn/src/features/arena/__tests__/arena-feedback-rules.test.ts"},{"assertionResults":[{"ancestorTitles":["arena submissions and leaderboards"],"fullName":"arena submissions and leaderboards hashes controller artifacts independent of parameter key order","status":"passed","title":"hashes controller artifacts independent of parameter key order","duration":9.115083000000027,"failureMessages":[],"meta":{},"tags":[]},{"ancestorTitles":["arena submissions and leaderboards"],"fullName":"arena submissions and leaderboards reuses duplicate evaluation results for identical task and controller artifact","status":"passed","title":"reuses duplicate evaluation results for identical task and controller artifact","duration":34.102874999999926,"failureMessages":[],"meta":{},"tags":[]},{"ancestorTitles":["arena submissions and leaderboards"],"fullName":"arena submissions and leaderboards orders main and method leaderboards by score and stable tie breakers","status":"passed","title":"orders main and method leaderboards by score and stable tie breakers","duration":21.686958000000004,"failureMessages":[],"meta":{},"tags":[]},{"ancestorTitles":["arena submissions and leaderboards"],"fullName":"arena submissions and leaderboards uses leaderboard policy metric tie breakers before submitted time","status":"passed","title":"uses leaderboard policy metric tie breakers before submitted time","duration":14.21758299999999,"failureMessages":[],"meta":{},"tags":[]},{"ancestorTitles":["arena submissions and leaderboards"],"fullName":"arena submissions and leaderboards keeps only each student best submission on the main leaderboard","status":"passed","title":"keeps only each student best submission on the main leaderboard","duration":25.39087500000005,"failureMessages":[],"meta":{},"tags":[]},{"ancestorTitles":["arena submissions and leaderboards"],"fullName":"arena submissions and leaderboards orders metric leaderboards by the selected metric instead of main score","status":"passed","title":"orders metric leaderboards by the selected metric instead of main score","duration":22.155708000000004,"failureMessages":[],"meta":{},"tags":[]},{"ancestorTitles":["arena submissions and leaderboards"],"fullName":"arena submissions and leaderboards excludes hard-constraint failures from official leaderboards","status":"passed","title":"excludes hard-constraint failures from official leaderboards","duration":19.194124999999985,"failureMessages":[],"meta":{},"tags":[]},{"ancestorTitles":["arena submissions and leaderboards"],"fullName":"arena submissions and leaderboards excludes late and zero-score submissions from official leaderboards","status":"passed","title":"excludes late and zero-score submissions from official leaderboards","duration":38.829000000000065,"failureMessages":[],"meta":{},"tags":[]},{"ancestorTitles":["arena submissions and leaderboards"],"fullName":"arena submissions and leaderboards classifies Pareto front entries and records dominance evidence","status":"passed","title":"classifies Pareto front entries and records dominance evidence","duration":29.700458000000026,"failureMessages":[],"meta":{},"tags":[]},{"ancestorTitles":["arena submissions and leaderboards"],"fullName":"arena submissions and leaderboards filters class and season leaderboards by persisted submission scope","status":"passed","title":"filters class and season leaderboards by persisted submission scope","duration":14.566792000000078,"failureMessages":[],"meta":{},"tags":[]},{"ancestorTitles":["arena submissions and leaderboards"],"fullName":"arena submissions and leaderboards requires an explicit method for method leaderboard filtering","status":"passed","title":"requires an explicit method for method leaderboard filtering","duration":19.840958,"failureMessages":[],"meta":{},"tags":[]},{"ancestorTitles":["arena submissions and leaderboards"],"fullName":"arena submissions and leaderboards builds challenge-detail leaderboard groups with student numbers and selected metrics","status":"passed","title":"builds challenge-detail leaderboard groups with student numbers and selected metrics","duration":20.86824999999999,"failureMessages":[],"meta":{},"tags":[]},{"ancestorTitles":["arena submissions and leaderboards"],"fullName":"arena submissions and leaderboards builds challenge-detail browser views for Pareto, class, and season contexts","status":"passed","title":"builds challenge-detail browser views for Pareto, class, and season contexts","duration":14.521540999999957,"failureMessages":[],"meta":{},"tags":[]},{"ancestorTitles":["arena submissions and leaderboards"],"fullName":"arena submissions and leaderboards derives honors only from official effective submission evidence","status":"passed","title":"derives honors only from official effective submission evidence","duration":20.907750000000078,"failureMessages":[],"meta":{},"tags":[]},{"ancestorTitles":["arena submissions and leaderboards"],"fullName":"arena submissions and leaderboards builds excellent-solution showcase summaries without private controller payloads by default","status":"passed","title":"builds excellent-solution showcase summaries without private controller payloads by default","duration":18.12900000000002,"failureMessages":[],"meta":{},"tags":[]},{"ancestorTitles":["arena submissions and leaderboards"],"fullName":"arena submissions and leaderboards defines core Arena telemetry events compatible with the L0 event boundary","status":"passed","title":"defines core Arena telemetry events compatible with the L0 event boundary","duration":0.36383299999999963,"failureMessages":[],"meta":{},"tags":[]},{"ancestorTitles":["arena submissions and leaderboards"],"fullName":"arena submissions and leaderboards reuses official evaluations from the persistence store instead of route-local memory","status":"passed","title":"reuses official evaluations from the persistence store instead of route-local memory","duration":19.306916,"failureMessages":[],"meta":{},"tags":[]},{"ancestorTitles":["arena submissions and leaderboards"],"fullName":"arena submissions and leaderboards builds task stats from real submissions and leaves empty tasks without fake scores","status":"passed","title":"builds task stats from real submissions and leaves empty tasks without fake scores","duration":21.941166000000067,"failureMessages":[],"meta":{},"tags":[]},{"ancestorTitles":["arena submissions and leaderboards"],"fullName":"arena submissions and leaderboards builds task top score from effective ranking submissions only","status":"passed","title":"builds task top score from effective ranking submissions only","duration":36.833834000000024,"failureMessages":[],"meta":{},"tags":[]},{"ancestorTitles":["arena submissions and leaderboards"],"fullName":"arena submissions and leaderboards excludes hidden publication submissions from hall stats before the deadline","status":"passed","title":"excludes hidden publication submissions from hall stats before the deadline","duration":22.40375000000006,"failureMessages":[],"meta":{},"tags":[]}],"startTime":1782042242428,"endTime":1782042242852.4038,"status":"passed","message":"","name":"/Users/YW/.codex/worktrees/e734/act.just.edu.cn/src/features/arena/__tests__/arena-leaderboard.test.ts"},{"assertionResults":[{"ancestorTitles":["arena official submission feedback view model"],"fullName":"arena official submission feedback view model builds target actual and status rows for ranking metrics","status":"passed","title":"builds target actual and status rows for ranking metrics","duration":2.1042919999999867,"failureMessages":[],"meta":{},"tags":[]},{"ancestorTitles":["arena official submission feedback view model"],"fullName":"arena official submission feedback view model builds current preview metric rows before official submit","status":"passed","title":"builds current preview metric rows before official submit","duration":0.37570800000003146,"failureMessages":[],"meta":{},"tags":[]},{"ancestorTitles":["arena official submission feedback view model"],"fullName":"arena official submission feedback view model explains valid zero score in Chinese without exposing raw English provider notes","status":"passed","title":"explains valid zero score in Chinese without exposing raw English provider notes","duration":0.6237919999999804,"failureMessages":[],"meta":{},"tags":[]},{"ancestorTitles":["arena official submission feedback view model"],"fullName":"arena official submission feedback view model does not blame zero score on zero satisfaction when penalties caused the final zero","status":"passed","title":"does not blame zero score on zero satisfaction when penalties caused the final zero","duration":0.13712499999996908,"failureMessages":[],"meta":{},"tags":[]},{"ancestorTitles":["arena official submission feedback view model"],"fullName":"arena official submission feedback view model explains late positive submissions as review evidence instead of ranked results","status":"passed","title":"explains late positive submissions as review evidence instead of ranked results","duration":0.10658300000000054,"failureMessages":[],"meta":{},"tags":[]},{"ancestorTitles":["arena official submission feedback view model"],"fullName":"arena official submission feedback view model passes current preview metrics into the official submit panel","status":"passed","title":"passes current preview metrics into the official submit panel","duration":0.23233399999998028,"failureMessages":[],"meta":{},"tags":[]}],"startTime":1782042242243,"endTime":1782042242247.2324,"status":"passed","message":"","name":"/Users/YW/.codex/worktrees/e734/act.just.edu.cn/src/features/arena/__tests__/arena-official-submit-feedback.test.ts"},{"assertionResults":[{"ancestorTitles":["arena publication report analytics"],"fullName":"arena publication report analytics aggregates official publication submissions without leaking outside publication or class rows","status":"passed","title":"aggregates official publication submissions without leaking outside publication or class rows","duration":10.12620800000002,"failureMessages":[],"meta":{},"tags":[]},{"ancestorTitles":["arena publication report analytics"],"fullName":"arena publication report analytics keeps publication context and roster-based non-submitters for an empty publication","status":"passed","title":"keeps publication context and roster-based non-submitters for an empty publication","duration":0.3440840000000094,"failureMessages":[],"meta":{},"tags":[]},{"ancestorTitles":["arena publication report analytics"],"fullName":"arena publication report analytics keeps course-wide publication reports scoped to publication without class filtering","status":"passed","title":"keeps course-wide publication reports scoped to publication without class filtering","duration":0.344791999999984,"failureMessages":[],"meta":{},"tags":[]},{"ancestorTitles":["arena publication report analytics"],"fullName":"arena publication report analytics keeps public publication reports scoped to publication and detached from class roster","status":"passed","title":"keeps public publication reports scoped to publication and detached from class roster","duration":0.20133300000003373,"failureMessages":[],"meta":{},"tags":[]},{"ancestorTitles":["arena publication report analytics"],"fullName":"arena publication report analytics builds anonymized classroom review evidence without raw controller payloads","status":"passed","title":"builds anonymized classroom review evidence without raw controller payloads","duration":0.5204590000000167,"failureMessages":[],"meta":{},"tags":[]},{"ancestorTitles":["arena publication report analytics"],"fullName":"arena publication report analytics explains effective attempts and excludes late or zero-score submissions from excellent solutions","status":"passed","title":"explains effective attempts and excludes late or zero-score submissions from excellent solutions","duration":0.2899580000000128,"failureMessages":[],"meta":{},"tags":[]},{"ancestorTitles":["arena publication report access"],"fullName":"arena publication report access loads one authorized publication report through publicationId, classId, and actor scope","status":"passed","title":"loads one authorized publication report through publicationId, classId, and actor scope","duration":2.5338329999999587,"failureMessages":[],"meta":{},"tags":[]},{"ancestorTitles":["arena publication report access"],"fullName":"arena publication report access does not apply the owner class filter when loading course-wide publication reports","status":"passed","title":"does not apply the owner class filter when loading course-wide publication reports","duration":0.48370800000003555,"failureMessages":[],"meta":{},"tags":[]},{"ancestorTitles":["arena publication report access"],"fullName":"arena publication report access allows admins and denies teachers outside the publication class without reading submissions","status":"passed","title":"allows admins and denies teachers outside the publication class without reading submissions","duration":1.1622919999999795,"failureMessages":[],"meta":{},"tags":[]},{"ancestorTitles":["arena publication report route"],"fullName":"arena publication report route wires the teacher report page to authorized report loading and report sections","status":"passed","title":"wires the teacher report page to authorized report loading and report sections","duration":0.42208299999998644,"failureMessages":[],"meta":{},"tags":[]},{"ancestorTitles":["arena publication report route"],"fullName":"arena publication report route links persisted teacher arena publication rows to the report page","status":"passed","title":"links persisted teacher arena publication rows to the report page","duration":0.21375000000000455,"failureMessages":[],"meta":{},"tags":[]}],"startTime":1782042242283,"endTime":1782042242300.2139,"status":"passed","message":"","name":"/Users/YW/.codex/worktrees/e734/act.just.edu.cn/src/features/arena/__tests__/arena-publication-report.test.ts"},{"assertionResults":[{"ancestorTitles":["arena white-box evaluation"],"fullName":"arena white-box evaluation evaluates a valid PID artifact with metrics, satisfaction, and explanation","status":"passed","title":"evaluates a valid PID artifact with metrics, satisfaction, and explanation","duration":41.283375000000035,"failureMessages":[],"meta":{},"tags":[]},{"ancestorTitles":["arena white-box evaluation"],"fullName":"arena white-box evaluation rejects unstable or non-finite artifacts before ranking","status":"passed","title":"rejects unstable or non-finite artifacts before ranking","duration":0.3757909999999356,"failureMessages":[],"meta":{},"tags":[]},{"ancestorTitles":["arena white-box evaluation"],"fullName":"arena white-box evaluation rejects a real unstable closed loop for the integrator task","status":"passed","title":"rejects a real unstable closed loop for the integrator task","duration":7.729083999999943,"failureMessages":[],"meta":{},"tags":[]},{"ancestorTitles":["arena white-box evaluation"],"fullName":"arena white-box evaluation treats PD submissions as controllers without an integrator pole for the official stability gate","status":"passed","title":"treats PD submissions as controllers without an integrator pole for the official stability gate","duration":2.7406250000000227,"failureMessages":[],"meta":{},"tags":[]},{"ancestorTitles":["arena white-box evaluation"],"fullName":"arena white-box evaluation rejects comfort submissions whose control energy exceeds the hard limit","status":"passed","title":"rejects comfort submissions whose control energy exceeds the hard limit","duration":2.6243330000000924,"failureMessages":[],"meta":{},"tags":[]},{"ancestorTitles":["arena white-box evaluation"],"fullName":"arena white-box evaluation rejects malformed serial compensator artifacts without defaulting missing params","status":"passed","title":"rejects malformed serial compensator artifacts without defaulting missing params","duration":0.2183750000000373,"failureMessages":[],"meta":{},"tags":[]},{"ancestorTitles":["arena white-box evaluation"],"fullName":"arena white-box evaluation evaluates composite compensation artifacts on block-diagram tasks","status":"passed","title":"evaluates composite compensation artifacts on block-diagram tasks","duration":0.28979099999992286,"failureMessages":[],"meta":{},"tags":[]},{"ancestorTitles":["arena white-box evaluation"],"fullName":"arena white-box evaluation rejects malformed composite compensation artifacts without defaulting missing params","status":"passed","title":"rejects malformed composite compensation artifacts without defaulting missing params","duration":0.1415829999999687,"failureMessages":[],"meta":{},"tags":[]},{"ancestorTitles":["arena white-box evaluation"],"fullName":"arena white-box evaluation rejects adversarial composite compensation parameters before ranking","status":"passed","title":"rejects adversarial composite compensation parameters before ranking","duration":0.16737499999999272,"failureMessages":[],"meta":{},"tags":[]},{"ancestorTitles":["arena white-box evaluation"],"fullName":"arena white-box evaluation evaluates bounded MPC templates with hidden scenario metrics","status":"passed","title":"evaluates bounded MPC templates with hidden scenario metrics","duration":0.25583400000004985,"failureMessages":[],"meta":{},"tags":[]},{"ancestorTitles":["arena white-box evaluation"],"fullName":"arena white-box evaluation rejects adversarial MPC templates before hidden-scenario ranking","status":"passed","title":"rejects adversarial MPC templates before hidden-scenario ranking","duration":0.12675000000001546,"failureMessages":[],"meta":{},"tags":[]},{"ancestorTitles":["arena white-box evaluation"],"fullName":"arena white-box evaluation evaluates optimization-assisted PID templates with robust hidden scenario metrics","status":"passed","title":"evaluates optimization-assisted PID templates with robust hidden scenario metrics","duration":0.18420800000001236,"failureMessages":[],"meta":{},"tags":[]},{"ancestorTitles":["arena white-box evaluation"],"fullName":"arena white-box evaluation rejects adversarial optimization tuning templates before ranking","status":"passed","title":"rejects adversarial optimization tuning templates before ranking","duration":0.0891669999999749,"failureMessages":[],"meta":{},"tags":[]},{"ancestorTitles":["arena white-box evaluation"],"fullName":"arena white-box evaluation fails robust disturbance analysis when hidden-scenario metrics are unavailable","status":"passed","title":"fails robust disturbance analysis when hidden-scenario metrics are unavailable","duration":3.7324169999999413,"failureMessages":[],"meta":{},"tags":[]},{"ancestorTitles":["arena white-box evaluation"],"fullName":"arena white-box evaluation evaluates unstable plant stabilization challenges with closed-loop gates","status":"passed","title":"evaluates unstable plant stabilization challenges with closed-loop gates","duration":8.290791999999897,"failureMessages":[],"meta":{},"tags":[]},{"ancestorTitles":["arena white-box evaluation"],"fullName":"arena white-box evaluation fails closed for code-controller artifacts without an external sandbox result","status":"passed","title":"fails closed for code-controller artifacts without an external sandbox result","duration":0.29358300000001236,"failureMessages":[],"meta":{},"tags":[]},{"ancestorTitles":["arena white-box evaluation"],"fullName":"arena white-box evaluation rejects direct code-controller persistence before creating official records","status":"passed","title":"rejects direct code-controller persistence before creating official records","duration":1.5148750000000746,"failureMessages":[],"meta":{},"tags":[]},{"ancestorTitles":["arena white-box evaluation"],"fullName":"arena white-box evaluation normalizes metric values and uses weighted geometric scoring","status":"passed","title":"normalizes metric values and uses weighted geometric scoring","duration":0.1307090000000244,"failureMessages":[],"meta":{},"tags":[]}],"startTime":1782042242393,"endTime":1782042242463.515,"status":"passed","message":"","name":"/Users/YW/.codex/worktrees/e734/act.just.edu.cn/src/features/arena/__tests__/arena-whitebox-evaluation.test.ts"},{"assertionResults":[{"ancestorTitles":["classroom join entry"],"fullName":"classroom join entry keeps session join and adds class join on the same page","status":"passed","title":"keeps session join and adds class join on the same page","duration":1.028583999999995,"failureMessages":[],"meta":{},"tags":[]},{"ancestorTitles":["classroom join entry"],"fullName":"classroom join entry allows alphanumeric class codes instead of digit-only input","status":"passed","title":"allows alphanumeric class codes instead of digit-only input","duration":0.2044170000000065,"failureMessages":[],"meta":{},"tags":[]},{"ancestorTitles":["classroom join entry"],"fullName":"classroom join entry updates the student dashboard entry copy for classroom and class codes","status":"passed","title":"updates the student dashboard entry copy for classroom and class codes","duration":0.131416999999999,"failureMessages":[],"meta":{},"tags":[]},{"ancestorTitles":["classroom join entry"],"fullName":"classroom join entry makes classroom join errors recoverable and announces the evidence writeback path","status":"passed","title":"makes classroom join errors recoverable and announces the evidence writeback path","duration":0.1982500000000016,"failureMessages":[],"meta":{},"tags":[]},{"ancestorTitles":["classroom join entry"],"fullName":"classroom join entry connects classroom finished and teacher end states to evidence and review routes","status":"passed","title":"connects classroom finished and teacher end states to evidence and review routes","duration":0.22529199999999605,"failureMessages":[],"meta":{},"tags":[]}],"startTime":1782042242094,"endTime":1782042242096.2253,"status":"passed","message":"","name":"/Users/YW/.codex/worktrees/e734/act.just.edu.cn/src/features/interactive/__tests__/classroom-join-entry.test.ts"},{"assertionResults":[{"ancestorTitles":["/api/session/[sessionId]/state auth"],"fullName":"/api/session/[sessionId]/state auth rejects teacher-view state requests from student users","status":"passed","title":"rejects teacher-view state requests from student users","duration":5.083082999999988,"failureMessages":[],"meta":{},"tags":[]},{"ancestorTitles":["/api/session/[sessionId]/state auth"],"fullName":"/api/session/[sessionId]/state auth rejects default all-student state requests from student users","status":"passed","title":"rejects default all-student state requests from student users","duration":0.6784169999999676,"failureMessages":[],"meta":{},"tags":[]},{"ancestorTitles":["/api/session/[sessionId]/state auth"],"fullName":"/api/session/[sessionId]/state auth allows teacher users to read teacher-view state","status":"passed","title":"allows teacher users to read teacher-view state","duration":1.834916000000021,"failureMessages":[],"meta":{},"tags":[]}],"startTime":1782042242196,"endTime":1782042242203.835,"status":"passed","message":"","name":"/Users/YW/.codex/worktrees/e734/act.just.edu.cn/src/features/interactive/__tests__/session-state-route-auth.test.ts"},{"assertionResults":[{"ancestorTitles":["evidence browser entry points"],"fullName":"evidence browser entry points links the student growth page to the full student evidence browser","status":"passed","title":"links the student growth page to the full student evidence browser","duration":1.1851250000000277,"failureMessages":[],"meta":{},"tags":[]},{"ancestorTitles":["evidence browser entry points"],"fullName":"evidence browser entry points links the class-scoped teacher student detail page to full evidence browsing","status":"passed","title":"links the class-scoped teacher student detail page to full evidence browsing","duration":0.21108399999997118,"failureMessages":[],"meta":{},"tags":[]},{"ancestorTitles":["evidence browser entry points"],"fullName":"evidence browser entry points redirects the legacy teacher diagnosis page to the class-scoped diagnosis surface","status":"passed","title":"redirects the legacy teacher diagnosis page to the class-scoped diagnosis surface","duration":0.17308300000001964,"failureMessages":[],"meta":{},"tags":[]},{"ancestorTitles":["evidence browser entry points"],"fullName":"evidence browser entry points redirects the legacy teacher evidence page to the class-scoped evidence browser","status":"passed","title":"redirects the legacy teacher evidence page to the class-scoped evidence browser","duration":0.19687499999997726,"failureMessages":[],"meta":{},"tags":[]},{"ancestorTitles":["evidence browser entry points"],"fullName":"evidence browser entry points defines browser pages for student, class-scoped teacher, and legacy teacher entry points","status":"passed","title":"defines browser pages for student, class-scoped teacher, and legacy teacher entry points","duration":0.16274999999995998,"failureMessages":[],"meta":{},"tags":[]},{"ancestorTitles":["evidence browser entry points"],"fullName":"evidence browser entry points preserves teacher grading context on class-scoped evidence pages","status":"passed","title":"preserves teacher grading context on class-scoped evidence pages","duration":0.24445800000000872,"failureMessages":[],"meta":{},"tags":[]},{"ancestorTitles":["evidence browser entry points"],"fullName":"evidence browser entry points guards evidence browser state updates from stale filter requests","status":"passed","title":"guards evidence browser state updates from stale filter requests","duration":0.1410420000000272,"failureMessages":[],"meta":{},"tags":[]},{"ancestorTitles":["evidence browser entry points"],"fullName":"evidence browser entry points initializes the student evidence browser from lessonId query parameters","status":"passed","title":"initializes the student evidence browser from lessonId query parameters","duration":0.17945900000000847,"failureMessages":[],"meta":{},"tags":[]},{"ancestorTitles":["evidence browser entry points"],"fullName":"evidence browser entry points passes sessionId filters through to the student evidence API URL","status":"passed","title":"passes sessionId filters through to the student evidence API URL","duration":0.368583000000001,"failureMessages":[],"meta":{},"tags":[]},{"ancestorTitles":["evidence browser entry points"],"fullName":"evidence browser entry points clears stale first-page evidence before refetching while preserving loaded pages on pagination failures","status":"passed","title":"clears stale first-page evidence before refetching while preserving loaded pages on pagination failures","duration":0.194958999999983,"failureMessages":[],"meta":{},"tags":[]}],"startTime":1782042242229,"endTime":1782042242232.195,"status":"passed","message":"","name":"/Users/YW/.codex/worktrees/e734/act.just.edu.cn/src/lib/data-governance/__tests__/evidence-browser-entrypoints.test.ts"},{"assertionResults":[{"ancestorTitles":["evidence timeline browser"],"fullName":"evidence timeline browser returns newest-first timeline items with 5-2 rich submission summaries","status":"passed","title":"returns newest-first timeline items with 5-2 rich submission summaries","duration":11.440334000000007,"failureMessages":[],"meta":{},"tags":[]},{"ancestorTitles":["evidence timeline browser"],"fullName":"evidence timeline browser redacts raw question answers from teacher evidence timeline summaries","status":"passed","title":"redacts raw question answers from teacher evidence timeline summaries","duration":0.5407079999999951,"failureMessages":[],"meta":{},"tags":[]},{"ancestorTitles":["evidence timeline browser"],"fullName":"evidence timeline browser surfaces core learning work as learner-record evidence with freshness, confidence, source scope, and next action","status":"passed","title":"surfaces core learning work as learner-record evidence with freshness, confidence, source scope, and next action","duration":0.3528329999999755,"failureMessages":[],"meta":{},"tags":[]},{"ancestorTitles":["evidence timeline browser"],"fullName":"evidence timeline browser derives learner-record metadata from existing production learning facts when no explicit learnerRecord is written","status":"passed","title":"derives learner-record metadata from existing production learning facts when no explicit learnerRecord is written","duration":0.3924170000000231,"failureMessages":[],"meta":{},"tags":[]},{"ancestorTitles":["evidence timeline browser"],"fullName":"evidence timeline browser redacts teacher and governance scoped learner-record metadata from student evidence views","status":"passed","title":"redacts teacher and governance scoped learner-record metadata from student evidence views","duration":0.37595800000002555,"failureMessages":[],"meta":{},"tags":[]},{"ancestorTitles":["evidence timeline browser"],"fullName":"evidence timeline browser preserves teacher-scoped learner-record metadata for teacher evidence review","status":"passed","title":"preserves teacher-scoped learner-record metadata for teacher evidence review","duration":0.14029100000004746,"failureMessages":[],"meta":{},"tags":[]},{"ancestorTitles":["evidence timeline browser"],"fullName":"evidence timeline browser uses reviewer fallback actions for explicit student-visible learner-record metadata in teacher evidence review","status":"passed","title":"uses reviewer fallback actions for explicit student-visible learner-record metadata in teacher evidence review","duration":0.13104199999997945,"failureMessages":[],"meta":{},"tags":[]},{"ancestorTitles":["evidence timeline browser"],"fullName":"evidence timeline browser uses reviewer fallback actions for derived learner-record metadata in teacher evidence review","status":"passed","title":"uses reviewer fallback actions for derived learner-record metadata in teacher evidence review","duration":0.189707999999996,"failureMessages":[],"meta":{},"tags":[]},{"ancestorTitles":["evidence timeline browser"],"fullName":"evidence timeline browser preserves governance-scoped learner-record metadata only for admin evidence review","status":"passed","title":"preserves governance-scoped learner-record metadata only for admin evidence review","duration":0.17287499999997635,"failureMessages":[],"meta":{},"tags":[]},{"ancestorTitles":["evidence timeline browser"],"fullName":"evidence timeline browser fails closed for unrecognized learner-record privacy scopes","status":"passed","title":"fails closed for unrecognized learner-record privacy scopes","duration":0.169083999999998,"failureMessages":[],"meta":{},"tags":[]},{"ancestorTitles":["evidence timeline browser"],"fullName":"evidence timeline browser applies field filters, dimension filters, and cursor pagination","status":"passed","title":"applies field filters, dimension filters, and cursor pagination","duration":0.5024589999999876,"failureMessages":[],"meta":{},"tags":[]},{"ancestorTitles":["evidence timeline browser"],"fullName":"evidence timeline browser groups repeated low-signal events while keeping high-signal evidence visible","status":"passed","title":"groups repeated low-signal events while keeping high-signal evidence visible","duration":0.507458999999983,"failureMessages":[],"meta":{},"tags":[]},{"ancestorTitles":["evidence timeline browser"],"fullName":"evidence timeline browser keeps legacy high-value simulation events visually identifiable instead of grouping them as low signal","status":"passed","title":"keeps legacy high-value simulation events visually identifiable instead of grouping them as low signal","duration":0.18058300000001282,"failureMessages":[],"meta":{},"tags":[]},{"ancestorTitles":["evidence timeline browser"],"fullName":"evidence timeline browser keeps a next cursor when grouped low-signal events consume the page lookahead window","status":"passed","title":"keeps a next cursor when grouped low-signal events consume the page lookahead window","duration":0.5152499999999804,"failureMessages":[],"meta":{},"tags":[]},{"ancestorTitles":["evidence timeline browser"],"fullName":"evidence timeline browser does not group across high-value evidence between matching low-signal events","status":"passed","title":"does not group across high-value evidence between matching low-signal events","duration":0.3404170000000022,"failureMessages":[],"meta":{},"tags":[]}],"startTime":1782042242169,"endTime":1782042242185.3403,"status":"passed","message":"","name":"/Users/YW/.codex/worktrees/e734/act.just.edu.cn/src/lib/data-governance/__tests__/evidence-timeline.test.ts"},{"assertionResults":[{"ancestorTitles":["historical evidence materialization"],"fullName":"historical evidence materialization emits traceable candidates for real high-value historical evidence","status":"passed","title":"emits traceable candidates for real high-value historical evidence","duration":3.665707999999995,"failureMessages":[],"meta":{},"tags":[]},{"ancestorTitles":["historical evidence materialization"],"fullName":"historical evidence materialization keeps non-real, unknown, context-only, and unsupported rows out of profile-grade facts","status":"passed","title":"keeps non-real, unknown, context-only, and unsupported rows out of profile-grade facts","duration":0.4905839999999557,"failureMessages":[],"meta":{},"tags":[]},{"ancestorTitles":["historical evidence materialization"],"fullName":"historical evidence materialization uses InteractionLog payload event type as the stable materialization subtype","status":"passed","title":"uses InteractionLog payload event type as the stable materialization subtype","duration":0.5255419999999731,"failureMessages":[],"meta":{},"tags":[]},{"ancestorTitles":["historical evidence materialization"],"fullName":"historical evidence materialization uses InteractionLog wrapper fields to preserve classroom attribution","status":"passed","title":"uses InteractionLog wrapper fields to preserve classroom attribution","duration":0.19941599999998516,"failureMessages":[],"meta":{},"tags":[]},{"ancestorTitles":["historical evidence materialization"],"fullName":"historical evidence materialization deduplicates classroom submissions by their canonical source interaction log","status":"passed","title":"deduplicates classroom submissions by their canonical source interaction log","duration":0.3279579999999669,"failureMessages":[],"meta":{},"tags":[]},{"ancestorTitles":["historical evidence materialization"],"fullName":"historical evidence materialization deduplicates classroom resubmissions with the canonical response event type","status":"passed","title":"deduplicates classroom resubmissions with the canonical response event type","duration":0.23429199999998218,"failureMessages":[],"meta":{},"tags":[]},{"ancestorTitles":["historical evidence materialization"],"fullName":"historical evidence materialization respects learning-fact governance skip flags from the online pipeline","status":"passed","title":"respects learning-fact governance skip flags from the online pipeline","duration":0.15612499999997453,"failureMessages":[],"meta":{},"tags":[]},{"ancestorTitles":["historical evidence materialization"],"fullName":"historical evidence materialization uses canonical online scoring and context for historical lesson submissions","status":"passed","title":"uses canonical online scoring and context for historical lesson submissions","duration":0.5133749999999964,"failureMessages":[],"meta":{},"tags":[]},{"ancestorTitles":["historical evidence materialization"],"fullName":"historical evidence materialization applies only new facts and reports already materialized stable identities","status":"passed","title":"applies only new facts and reports already materialized stable identities","duration":1.5615000000000236,"failureMessages":[],"meta":{},"tags":[]},{"ancestorTitles":["historical evidence materialization"],"fullName":"historical evidence materialization treats online facts with the same source log as already materialized","status":"passed","title":"treats online facts with the same source log as already materialized","duration":0.3832079999999678,"failureMessages":[],"meta":{},"tags":[]},{"ancestorTitles":["historical evidence materialization"],"fullName":"historical evidence materialization writes pending facts in bounded batches","status":"passed","title":"writes pending facts in bounded batches","duration":0.3619170000000054,"failureMessages":[],"meta":{},"tags":[]}],"startTime":1782042242236,"endTime":1782042242244.3833,"status":"passed","message":"","name":"/Users/YW/.codex/worktrees/e734/act.just.edu.cn/src/lib/data-governance/__tests__/historical-evidence-materialization.test.ts"},{"assertionResults":[{"ancestorTitles":["GET /api/student/evidence"],"fullName":"GET /api/student/evidence uses the current student identity and returns a paginated evidence page","status":"passed","title":"uses the current student identity and returns a paginated evidence page","duration":15.909459000000027,"failureMessages":[],"meta":{},"tags":[]},{"ancestorTitles":["GET /api/student/evidence"],"fullName":"GET /api/student/evidence rejects unauthenticated requests","status":"passed","title":"rejects unauthenticated requests","duration":0.7643750000000296,"failureMessages":[],"meta":{},"tags":[]}],"startTime":1782042242209,"endTime":1782042242225.7644,"status":"passed","message":"","name":"/Users/YW/.codex/worktrees/e734/act.just.edu.cn/src/lib/data-governance/__tests__/student-evidence-route.test.ts"},{"assertionResults":[{"ancestorTitles":["POST /api/interactive/events"],"fullName":"POST /api/interactive/events deduplicates client events and removes invalid session ids before writing logs","status":"passed","title":"deduplicates client events and removes invalid session ids before writing logs","duration":8.538874999999962,"failureMessages":[],"meta":{},"tags":[]},{"ancestorTitles":["POST /api/interactive/events"],"fullName":"POST /api/interactive/events refreshes the session report after a session_finalize event is persisted","status":"passed","title":"refreshes the session report after a session_finalize event is persisted","duration":1.2367079999999646,"failureMessages":[],"meta":{},"tags":[]},{"ancestorTitles":["POST /api/interactive/events"],"fullName":"POST /api/interactive/events persists immutable student step responses for lesson submissions","status":"passed","title":"persists immutable student step responses for lesson submissions","duration":2.2413329999999974,"failureMessages":[],"meta":{},"tags":[]},{"ancestorTitles":["POST /api/interactive/events"],"fullName":"POST /api/interactive/events deduplicates repeated classroom submissions by session step and attempt identity before writing evidence","status":"passed","title":"deduplicates repeated classroom submissions by session step and attempt identity before writing evidence","duration":0.9043750000000159,"failureMessages":[],"meta":{},"tags":[]},{"ancestorTitles":["POST /api/interactive/events"],"fullName":"POST /api/interactive/events skips new classroom evidence when the same session step and attempt identity already exists","status":"passed","title":"skips new classroom evidence when the same session step and attempt identity already exists","duration":0.805958999999973,"failureMessages":[],"meta":{},"tags":[]},{"ancestorTitles":["POST /api/interactive/events"],"fullName":"POST /api/interactive/events does not block fact materialization when immutable step response persistence fails","status":"passed","title":"does not block fact materialization when immutable step response persistence fails","duration":1.3354170000000067,"failureMessages":[],"meta":{},"tags":[]},{"ancestorTitles":["POST /api/interactive/events"],"fullName":"POST /api/interactive/events marks legacy lesson submissions as lower-quality evidence instead of full diagnostics","status":"passed","title":"marks legacy lesson submissions as lower-quality evidence instead of full diagnostics","duration":0.6162919999999872,"failureMessages":[],"meta":{},"tags":[]},{"ancestorTitles":["POST /api/interactive/events"],"fullName":"POST /api/interactive/events preserves v2 evidence quality for immutable student step responses","status":"passed","title":"preserves v2 evidence quality for immutable student step responses","duration":0.508041999999989,"failureMessages":[],"meta":{},"tags":[]},{"ancestorTitles":["POST /api/interactive/events"],"fullName":"POST /api/interactive/events persists lesson resubmissions when the client event id is carried in the payload","status":"passed","title":"persists lesson resubmissions when the client event id is carried in the payload","duration":0.5785830000000374,"failureMessages":[],"meta":{},"tags":[]},{"ancestorTitles":["POST /api/interactive/events"],"fullName":"POST /api/interactive/events ignores forged client sourceLogId and uses the persisted interaction log id","status":"passed","title":"ignores forged client sourceLogId and uses the persisted interaction log id","duration":1.0187080000000037,"failureMessages":[],"meta":{},"tags":[]},{"ancestorTitles":["POST /api/interactive/events"],"fullName":"POST /api/interactive/events materializes control workbench evidence with trusted source log fields","status":"passed","title":"materializes control workbench evidence with trusted source log fields","duration":1.4029999999999632,"failureMessages":[],"meta":{},"tags":[]},{"ancestorTitles":["POST /api/interactive/events"],"fullName":"POST /api/interactive/events materializes annotated media evidence with trusted source log fields","status":"passed","title":"materializes annotated media evidence with trusted source log fields","duration":0.7112079999999992,"failureMessages":[],"meta":{},"tags":[]},{"ancestorTitles":["POST /api/interactive/events"],"fullName":"POST /api/interactive/events returns teacher-only control workbench diagnostics from materialized responses","status":"passed","title":"returns teacher-only control workbench diagnostics from materialized responses","duration":0.8090420000000336,"failureMessages":[],"meta":{},"tags":[]},{"ancestorTitles":["POST /api/interactive/events"],"fullName":"POST /api/interactive/events returns teacher-only annotated media diagnostics from materialized responses","status":"passed","title":"returns teacher-only annotated media diagnostics from materialized responses","duration":8.241375000000005,"failureMessages":[],"meta":{},"tags":[]}],"startTime":1782042242243,"endTime":1782042242272.2415,"status":"passed","message":"","name":"/Users/YW/.codex/worktrees/e734/act.just.edu.cn/src/app/api/interactive/events/__tests__/route.test.ts"},{"assertionResults":[{"ancestorTitles":["GET /api/session/join"],"fullName":"GET /api/session/join returns a generic evidence route for finished sessions without exposing raw classroom links","status":"passed","title":"returns a generic evidence route for finished sessions without exposing raw classroom links","duration":4.653874999999971,"failureMessages":[],"meta":{},"tags":[]}],"startTime":1782042242435,"endTime":1782042242439.6538,"status":"passed","message":"","name":"/Users/YW/.codex/worktrees/e734/act.just.edu.cn/src/app/api/session/join/__tests__/route.test.ts"}]}